[debug] [2021-03-25T16:47:22.583Z] ----------------------------------------------------------------------
[debug] [2021-03-25T16:47:22.584Z] Command:       /usr/local/bin/node /usr/local/bin/firebase deploy --only hosting:tiktok-18520339
[debug] [2021-03-25T16:47:22.584Z] CLI Version:   9.7.0
[debug] [2021-03-25T16:47:22.584Z] Platform:      linux
[debug] [2021-03-25T16:47:22.584Z] Node Version:  v15.12.0
[debug] [2021-03-25T16:47:22.584Z] Time:          Thu Mar 25 2021 23:47:22 GMT+0700 (Indochina Time)
[debug] [2021-03-25T16:47:22.584Z] ----------------------------------------------------------------------
[debug] 
[debug] [2021-03-25T16:47:22.588Z] > command requires scopes: ["email","openid","https://www.googleapis.com/auth/cloudplatformprojects.readonly","https://www.googleapis.com/auth/firebase","https://www.googleapis.com/auth/cloud-platform"]
[debug] [2021-03-25T16:47:22.588Z] > authorizing via signed-in user
[debug] [2021-03-25T16:47:22.588Z] [iam] checking project clone-app-18520339 for permissions ["firebase.projects.get","firebasehosting.sites.update"]
[debug] [2021-03-25T16:47:22.589Z] > refreshing access token with scopes: ["email","https://www.googleapis.com/auth/cloud-platform","https://www.googleapis.com/auth/cloudplatformprojects.readonly","https://www.googleapis.com/auth/firebase","openid"]
[debug] [2021-03-25T16:47:22.589Z] >>> HTTP REQUEST POST https://www.googleapis.com/oauth2/v3/token  
 <request body omitted>
[debug] [2021-03-25T16:47:22.776Z] <<< HTTP RESPONSE 200 {"expires":"Mon, 01 Jan 1990 00:00:00 GMT","date":"Thu, 25 Mar 2021 16:47:22 GMT","cache-control":"no-cache, no-store, max-age=0, must-revalidate","pragma":"no-cache","content-type":"application/json; charset=utf-8","vary":"X-Origin, Referer, Origin,Accept-Encoding","server":"scaffolding on HTTPServer2","x-xss-protection":"0","x-frame-options":"SAMEORIGIN","x-content-type-options":"nosniff","alt-svc":"h3-29=\":443\"; ma=2592000,h3-T051=\":443\"; ma=2592000,h3-Q050=\":443\"; ma=2592000,h3-Q046=\":443\"; ma=2592000,h3-Q043=\":443\"; ma=2592000,quic=\":443\"; ma=2592000; v=\"46,43\"","accept-ranges":"none","transfer-encoding":"chunked"}
[debug] [2021-03-25T16:47:22.800Z] >>> HTTP REQUEST POST https://cloudresourcemanager.googleapis.com/v1/projects/clone-app-18520339:testIamPermissions  
 {"permissions":["firebase.projects.get","firebasehosting.sites.update"]}
[debug] [2021-03-25T16:47:23.776Z] <<< HTTP RESPONSE 200 {"content-type":"application/json; charset=UTF-8","vary":"X-Origin, Referer, Origin,Accept-Encoding","date":"Thu, 25 Mar 2021 16:47:23 GMT","server":"ESF","cache-control":"private","x-xss-protection":"0","x-frame-options":"SAMEORIGIN","x-content-type-options":"nosniff","server-timing":"gfet4t7; dur=814","alt-svc":"h3-29=\":443\"; ma=2592000,h3-T051=\":443\"; ma=2592000,h3-Q050=\":443\"; ma=2592000,h3-Q046=\":443\"; ma=2592000,h3-Q043=\":443\"; ma=2592000,quic=\":443\"; ma=2592000; v=\"46,43\"","accept-ranges":"none","transfer-encoding":"chunked"}
[debug] [2021-03-25T16:47:23.779Z] > refreshing access token with scopes: []
[debug] [2021-03-25T16:47:23.780Z] >>> HTTP REQUEST POST https://www.googleapis.com/oauth2/v3/token  
 <request body omitted>
[debug] [2021-03-25T16:47:23.928Z] <<< HTTP RESPONSE 200 {"cache-control":"no-cache, no-store, max-age=0, must-revalidate","date":"Thu, 25 Mar 2021 16:47:23 GMT","expires":"Mon, 01 Jan 1990 00:00:00 GMT","pragma":"no-cache","content-type":"application/json; charset=utf-8","vary":"X-Origin, Referer, Origin,Accept-Encoding","server":"scaffolding on HTTPServer2","x-xss-protection":"0","x-frame-options":"SAMEORIGIN","x-content-type-options":"nosniff","alt-svc":"h3-29=\":443\"; ma=2592000,h3-T051=\":443\"; ma=2592000,h3-Q050=\":443\"; ma=2592000,h3-Q046=\":443\"; ma=2592000,h3-Q043=\":443\"; ma=2592000,quic=\":443\"; ma=2592000; v=\"46,43\"","accept-ranges":"none","transfer-encoding":"chunked"}
[debug] [2021-03-25T16:47:23.948Z] >>> [apiv2][query] GET https://firebase.googleapis.com/v1beta1/projects/clone-app-18520339 [none]
[debug] [2021-03-25T16:47:24.404Z] <<< [apiv2][status] GET https://firebase.googleapis.com/v1beta1/projects/clone-app-18520339 200
[debug] [2021-03-25T16:47:24.405Z] <<< [apiv2][body] GET https://firebase.googleapis.com/v1beta1/projects/clone-app-18520339 {"projectId":"clone-app-18520339","projectNumber":"339137843376","displayName":"Clone App","name":"projects/clone-app-18520339","resources":{"hostingSite":"clone-app-18520339","storageBucket":"clone-app-18520339.appspot.com","locationId":"us-central"},"state":"ACTIVE"}
[info] 
[info] === Deploying to 'clone-app-18520339'...
[info] 
[info] i  deploying hosting 
[debug] [2021-03-25T16:47:24.417Z] > refreshing access token with scopes: ["email","https://www.googleapis.com/auth/cloud-platform","https://www.googleapis.com/auth/cloudplatformprojects.readonly","https://www.googleapis.com/auth/firebase","openid"]
[debug] [2021-03-25T16:47:24.417Z] >>> HTTP REQUEST POST https://www.googleapis.com/oauth2/v3/token  
 <request body omitted>
[debug] [2021-03-25T16:47:24.564Z] <<< HTTP RESPONSE 200 {"date":"Thu, 25 Mar 2021 16:47:24 GMT","expires":"Mon, 01 Jan 1990 00:00:00 GMT","cache-control":"no-cache, no-store, max-age=0, must-revalidate","pragma":"no-cache","content-type":"application/json; charset=utf-8","vary":"X-Origin, Referer, Origin,Accept-Encoding","server":"scaffolding on HTTPServer2","x-xss-protection":"0","x-frame-options":"SAMEORIGIN","x-content-type-options":"nosniff","alt-svc":"h3-29=\":443\"; ma=2592000,h3-T051=\":443\"; ma=2592000,h3-Q050=\":443\"; ma=2592000,h3-Q046=\":443\"; ma=2592000,h3-Q043=\":443\"; ma=2592000,quic=\":443\"; ma=2592000; v=\"46,43\"","accept-ranges":"none","transfer-encoding":"chunked"}
[debug] [2021-03-25T16:47:24.585Z] >>> HTTP REQUEST POST https://firebasehosting.googleapis.com/v1beta1/sites/tiktok-18520339/versions  
 {"config":{"rewrites":[{"glob":"**","path":"/index.html"}]},"labels":{"deployment-tool":"cli-firebase"}}
[debug] [2021-03-25T16:47:26.043Z] <<< HTTP RESPONSE 200 {"content-type":"application/json; charset=UTF-8","vary":"X-Origin, Referer, Origin,Accept-Encoding","date":"Thu, 25 Mar 2021 16:47:25 GMT","server":"ESF","cache-control":"private","x-xss-protection":"0","x-frame-options":"SAMEORIGIN","x-content-type-options":"nosniff","alt-svc":"h3-29=\":443\"; ma=2592000,h3-T051=\":443\"; ma=2592000,h3-Q050=\":443\"; ma=2592000,h3-Q046=\":443\"; ma=2592000,h3-Q043=\":443\"; ma=2592000,quic=\":443\"; ma=2592000; v=\"46,43\"","accept-ranges":"none","transfer-encoding":"chunked"}
[info] i  hosting[tiktok-18520339]: beginning deploy... 
[info] i  hosting[tiktok-18520339]: found 16 files in build 
[debug] [2021-03-25T16:47:26.443Z] > refreshing access token with scopes: []
[debug] [2021-03-25T16:47:26.443Z] >>> HTTP REQUEST POST https://www.googleapis.com/oauth2/v3/token  
 <request body omitted>
[debug] [2021-03-25T16:47:26.443Z] [hosting] hash cache [YnVpbGQ] stored for 16 files
[debug] [2021-03-25T16:47:26.444Z] [hosting][hash queue][FINAL] {"max":381,"min":5,"avg":31,"active":0,"complete":16,"success":16,"errored":0,"retried":0,"total":16,"elapsed":385}
[debug] [2021-03-25T16:47:27.603Z] <<< HTTP RESPONSE 200 {"cache-control":"no-cache, no-store, max-age=0, must-revalidate","pragma":"no-cache","expires":"Mon, 01 Jan 1990 00:00:00 GMT","date":"Thu, 25 Mar 2021 16:47:27 GMT","content-type":"application/json; charset=utf-8","vary":"X-Origin, Referer, Origin,Accept-Encoding","server":"scaffolding on HTTPServer2","x-xss-protection":"0","x-frame-options":"SAMEORIGIN","x-content-type-options":"nosniff","alt-svc":"h3-29=\":443\"; ma=2592000,h3-T051=\":443\"; ma=2592000,h3-Q050=\":443\"; ma=2592000,h3-Q046=\":443\"; ma=2592000,h3-Q043=\":443\"; ma=2592000,quic=\":443\"; ma=2592000; v=\"46,43\"","accept-ranges":"none","transfer-encoding":"chunked"}
[debug] [2021-03-25T16:47:27.613Z] >>> [apiv2][query] POST https://firebasehosting.googleapis.com/v1beta1/sites/tiktok-18520339/versions/2140763e98a53b21:populateFiles [none]
[debug] [2021-03-25T16:47:27.613Z] >>> [apiv2][body] POST https://firebasehosting.googleapis.com/v1beta1/sites/tiktok-18520339/versions/2140763e98a53b21:populateFiles {"files":{"/asset-manifest.json":"51777914a4c67926308a9598f3cc382dec7275732936f306faacd46b87a00e78","/favicon.ico":"c599b7a91ab3627e3538125d9f40adc2d4bf949046984262670545dc7738af06","/logo192.png":"76c449ccb9cd117c2f2338f091b18f7050f3210e249b2228f5c81b23f34377cd","/index.html":"e46f218f0b621014dd267eef2af32faa7adc08950ad7bb75341ce61c3491f891","/logo512.png":"7779210d56c1f3741e2e487799fe3092def4fa6ac450a60532b807c3a8971205","/manifest.json":"0958a5e0c831126100c8c2d06a6bbaa665a3900f21aaff4130238a6f5a113aa1","/robots.txt":"2544ca049f223a42bff01f72ad930a5edba75bbb7199d0f8430a02ff5aca16ec","/static/css/main.c3ded310.chunk.css":"a69a61a3c6e0b818328c254d63e1bb188201b1a559615969b107425925cac09d","/static/css/main.c3ded310.chunk.css.map":"2bb6521b1d64f823218d2d71877f892a867129531ccdac18525d5e0563194455","/static/js/2.c735f9e0.chunk.js.LICENSE.txt":"985dd278dc039fc965b697fa85ce6722b09b907ea9c92c886cf9bb82e77bcff9","/static/js/main.a9a8aef6.chunk.js":"de2aa22a92348a79aacbb5f9e06dcd6aa1ccbf60f3b5b02fc418dad52ce19cdc","/static/js/runtime-main.12d4e49c.js":"47be12f7947efb0a1595e5886a3f97991446f7479d082f09c63a78c1cf35c1b8","/static/js/main.a9a8aef6.chunk.js.map":"654c90b43e95938f158ddd12a3923835b535df16305ad00cf70ac62d5c9fa729","/static/js/runtime-main.12d4e49c.js.map":"3d23d374ec5d9816a2ff920b5eba9616b0748d9708228ee6d532bdd951a52ad1","/static/js/2.c735f9e0.chunk.js":"91dcb73c652deadf7c6eb5466b789b088a53f6c27905a5327932a6cd2c67307c","/static/js/2.c735f9e0.chunk.js.map":"bfc00a9bc81ad5bb876d570ab6b05590b13703c3ed63728cf6cecc72e7e9dc9f"}}
[debug] [2021-03-25T16:47:28.808Z] <<< [apiv2][status] POST https://firebasehosting.googleapis.com/v1beta1/sites/tiktok-18520339/versions/2140763e98a53b21:populateFiles 200
[debug] [2021-03-25T16:47:28.808Z] <<< [apiv2][body] POST https://firebasehosting.googleapis.com/v1beta1/sites/tiktok-18520339/versions/2140763e98a53b21:populateFiles {"uploadRequiredHashes":["e46f218f0b621014dd267eef2af32faa7adc08950ad7bb75341ce61c3491f891","654c90b43e95938f158ddd12a3923835b535df16305ad00cf70ac62d5c9fa729","a69a61a3c6e0b818328c254d63e1bb188201b1a559615969b107425925cac09d","de2aa22a92348a79aacbb5f9e06dcd6aa1ccbf60f3b5b02fc418dad52ce19cdc","51777914a4c67926308a9598f3cc382dec7275732936f306faacd46b87a00e78","2bb6521b1d64f823218d2d71877f892a867129531ccdac18525d5e0563194455"],"uploadUrl":"https://upload-firebasehosting.googleapis.com/upload/sites/tiktok-18520339/versions/2140763e98a53b21/files"}
[debug] [2021-03-25T16:47:28.814Z] >>> [apiv2][query] POST https://upload-firebasehosting.googleapis.com/upload/sites/tiktok-18520339/versions/2140763e98a53b21/files/e46f218f0b621014dd267eef2af32faa7adc08950ad7bb75341ce61c3491f891 [none]
[debug] [2021-03-25T16:47:28.814Z] >>> [apiv2][body] POST https://upload-firebasehosting.googleapis.com/upload/sites/tiktok-18520339/versions/2140763e98a53b21/files/e46f218f0b621014dd267eef2af32faa7adc08950ad7bb75341ce61c3491f891 [stream]
[debug] [2021-03-25T16:47:28.817Z] >>> [apiv2][query] POST https://upload-firebasehosting.googleapis.com/upload/sites/tiktok-18520339/versions/2140763e98a53b21/files/654c90b43e95938f158ddd12a3923835b535df16305ad00cf70ac62d5c9fa729 [none]
[debug] [2021-03-25T16:47:28.818Z] >>> [apiv2][body] POST https://upload-firebasehosting.googleapis.com/upload/sites/tiktok-18520339/versions/2140763e98a53b21/files/654c90b43e95938f158ddd12a3923835b535df16305ad00cf70ac62d5c9fa729 [stream]
[debug] [2021-03-25T16:47:28.820Z] >>> [apiv2][query] POST https://upload-firebasehosting.googleapis.com/upload/sites/tiktok-18520339/versions/2140763e98a53b21/files/a69a61a3c6e0b818328c254d63e1bb188201b1a559615969b107425925cac09d [none]
[debug] [2021-03-25T16:47:28.820Z] >>> [apiv2][body] POST https://upload-firebasehosting.googleapis.com/upload/sites/tiktok-18520339/versions/2140763e98a53b21/files/a69a61a3c6e0b818328c254d63e1bb188201b1a559615969b107425925cac09d [stream]
[debug] [2021-03-25T16:47:28.823Z] >>> [apiv2][query] POST https://upload-firebasehosting.googleapis.com/upload/sites/tiktok-18520339/versions/2140763e98a53b21/files/de2aa22a92348a79aacbb5f9e06dcd6aa1ccbf60f3b5b02fc418dad52ce19cdc [none]
[debug] [2021-03-25T16:47:28.823Z] >>> [apiv2][body] POST https://upload-firebasehosting.googleapis.com/upload/sites/tiktok-18520339/versions/2140763e98a53b21/files/de2aa22a92348a79aacbb5f9e06dcd6aa1ccbf60f3b5b02fc418dad52ce19cdc [stream]
[debug] [2021-03-25T16:47:28.825Z] >>> [apiv2][query] POST https://upload-firebasehosting.googleapis.com/upload/sites/tiktok-18520339/versions/2140763e98a53b21/files/51777914a4c67926308a9598f3cc382dec7275732936f306faacd46b87a00e78 [none]
[debug] [2021-03-25T16:47:28.826Z] >>> [apiv2][body] POST https://upload-firebasehosting.googleapis.com/upload/sites/tiktok-18520339/versions/2140763e98a53b21/files/51777914a4c67926308a9598f3cc382dec7275732936f306faacd46b87a00e78 [stream]
[debug] [2021-03-25T16:47:28.828Z] >>> [apiv2][query] POST https://upload-firebasehosting.googleapis.com/upload/sites/tiktok-18520339/versions/2140763e98a53b21/files/2bb6521b1d64f823218d2d71877f892a867129531ccdac18525d5e0563194455 [none]
[debug] [2021-03-25T16:47:28.828Z] >>> [apiv2][body] POST https://upload-firebasehosting.googleapis.com/upload/sites/tiktok-18520339/versions/2140763e98a53b21/files/2bb6521b1d64f823218d2d71877f892a867129531ccdac18525d5e0563194455 [stream]
[debug] [2021-03-25T16:47:28.831Z] [hosting][populate queue][FINAL] {"max":2372,"min":2372,"avg":2372,"active":0,"complete":1,"success":1,"errored":0,"retried":0,"total":1,"elapsed":2389}
[debug] [2021-03-25T16:47:28.831Z] [hosting] uploads queued: 6
